{"D:\\React-Work\\src\\components\\Body.js": {"path":"D:\\React-Work\\src\\components\\Body.js","statementMap":{"0":{"start":{"line":9,"column":13},"end":{"line":130,"column":1}},"1":{"start":{"line":10,"column":52},"end":{"line":10,"column":64}},"2":{"start":{"line":11,"column":56},"end":{"line":11,"column":68}},"3":{"start":{"line":13,"column":38},"end":{"line":13,"column":50}},"4":{"start":{"line":15,"column":33},"end":{"line":15,"column":66}},"5":{"start":{"line":20,"column":2},"end":{"line":22,"column":9}},"6":{"start":{"line":21,"column":4},"end":{"line":21,"column":16}},"7":{"start":{"line":24,"column":20},"end":{"line":38,"column":3}},"8":{"start":{"line":25,"column":17},"end":{"line":27,"column":5}},"9":{"start":{"line":29,"column":17},"end":{"line":29,"column":34}},"10":{"start":{"line":32,"column":4},"end":{"line":34,"column":6}},"11":{"start":{"line":35,"column":4},"end":{"line":37,"column":6}},"12":{"start":{"line":40,"column":23},"end":{"line":40,"column":40}},"13":{"start":{"line":42,"column":2},"end":{"line":45,"column":6}},"14":{"start":{"line":43,"column":4},"end":{"line":45,"column":6}},"15":{"start":{"line":53,"column":40},"end":{"line":53,"column":63}},"16":{"start":{"line":55,"column":2},"end":{"line":129,"column":4}},"17":{"start":{"line":67,"column":14},"end":{"line":67,"column":44}},"18":{"start":{"line":77,"column":42},"end":{"line":80,"column":15}},"19":{"start":{"line":79,"column":18},"end":{"line":79,"column":80}},"20":{"start":{"line":82,"column":14},"end":{"line":82,"column":58}},"21":{"start":{"line":93,"column":35},"end":{"line":95,"column":15}},"22":{"start":{"line":94,"column":25},"end":{"line":94,"column":50}},"23":{"start":{"line":96,"column":14},"end":{"line":96,"column":51}},"24":{"start":{"line":109,"column":29},"end":{"line":109,"column":56}},"25":{"start":{"line":115,"column":10},"end":{"line":125,"column":17}}},"fnMap":{"0":{"name":"(anonymous_0)","decl":{"start":{"line":9,"column":13},"end":{"line":9,"column":14}},"loc":{"start":{"line":9,"column":19},"end":{"line":130,"column":1}},"line":9},"1":{"name":"(anonymous_1)","decl":{"start":{"line":20,"column":12},"end":{"line":20,"column":13}},"loc":{"start":{"line":20,"column":18},"end":{"line":22,"column":3}},"line":20},"2":{"name":"(anonymous_2)","decl":{"start":{"line":24,"column":20},"end":{"line":24,"column":21}},"loc":{"start":{"line":24,"column":32},"end":{"line":38,"column":3}},"line":24},"3":{"name":"(anonymous_3)","decl":{"start":{"line":66,"column":22},"end":{"line":66,"column":23}},"loc":{"start":{"line":66,"column":29},"end":{"line":68,"column":13}},"line":66},"4":{"name":"(anonymous_4)","decl":{"start":{"line":72,"column":21},"end":{"line":72,"column":22}},"loc":{"start":{"line":72,"column":27},"end":{"line":83,"column":13}},"line":72},"5":{"name":"(anonymous_5)","decl":{"start":{"line":78,"column":16},"end":{"line":78,"column":17}},"loc":{"start":{"line":79,"column":18},"end":{"line":79,"column":80}},"line":79},"6":{"name":"(anonymous_6)","decl":{"start":{"line":92,"column":21},"end":{"line":92,"column":22}},"loc":{"start":{"line":92,"column":27},"end":{"line":98,"column":13}},"line":92},"7":{"name":"(anonymous_7)","decl":{"start":{"line":94,"column":16},"end":{"line":94,"column":17}},"loc":{"start":{"line":94,"column":25},"end":{"line":94,"column":50}},"line":94},"8":{"name":"(anonymous_8)","decl":{"start":{"line":109,"column":22},"end":{"line":109,"column":23}},"loc":{"start":{"line":109,"column":29},"end":{"line":109,"column":56}},"line":109},"9":{"name":"(anonymous_9)","decl":{"start":{"line":114,"column":33},"end":{"line":114,"column":34}},"loc":{"start":{"line":115,"column":10},"end":{"line":125,"column":17}},"line":115}},"branchMap":{"0":{"loc":{"start":{"line":42,"column":2},"end":{"line":45,"column":6}},"type":"if","locations":[{"start":{"line":42,"column":2},"end":{"line":45,"column":6}},{"start":{},"end":{}}],"line":42},"1":{"loc":{"start":{"line":55,"column":9},"end":{"line":129,"column":3}},"type":"cond-expr","locations":[{"start":{"line":56,"column":4},"end":{"line":56,"column":15}},{"start":{"line":58,"column":4},"end":{"line":128,"column":10}}],"line":55},"2":{"loc":{"start":{"line":120,"column":13},"end":{"line":124,"column":13}},"type":"cond-expr","locations":[{"start":{"line":121,"column":14},"end":{"line":121,"column":61}},{"start":{"line":123,"column":14},"end":{"line":123,"column":53}}],"line":120}},"s":{"0":1,"1":7,"2":7,"3":7,"4":7,"5":7,"6":2,"7":7,"8":2,"9":2,"10":2,"11":2,"12":7,"13":7,"14":0,"15":7,"16":7,"17":1,"18":1,"19":20,"20":1,"21":1,"22":20,"23":1,"24":0,"25":78},"f":{"0":7,"1":2,"2":2,"3":1,"4":1,"5":20,"6":1,"7":20,"8":0,"9":78},"b":{"0":[0,7],"1":[2,5],"2":[78,0]},"_coverageSchema":"1a1c01bbd47fc00a2c39e90264f33305004495a9","hash":"c74a3b0736298b3f82790ae7e3df09487920913a"}
,"D:\\React-Work\\src\\components\\Cart.js": {"path":"D:\\React-Work\\src\\components\\Cart.js","statementMap":{"0":{"start":{"line":6,"column":13},"end":{"line":32,"column":1}},"1":{"start":{"line":7,"column":20},"end":{"line":7,"column":60}},"2":{"start":{"line":7,"column":43},"end":{"line":7,"column":59}},"3":{"start":{"line":9,"column":2},"end":{"line":9,"column":25}},"4":{"start":{"line":11,"column":19},"end":{"line":11,"column":32}},"5":{"start":{"line":13,"column":26},"end":{"line":15,"column":3}},"6":{"start":{"line":14,"column":4},"end":{"line":14,"column":26}},"7":{"start":{"line":17,"column":2},"end":{"line":31,"column":4}}},"fnMap":{"0":{"name":"(anonymous_0)","decl":{"start":{"line":6,"column":13},"end":{"line":6,"column":14}},"loc":{"start":{"line":6,"column":19},"end":{"line":32,"column":1}},"line":6},"1":{"name":"(anonymous_1)","decl":{"start":{"line":7,"column":32},"end":{"line":7,"column":33}},"loc":{"start":{"line":7,"column":43},"end":{"line":7,"column":59}},"line":7},"2":{"name":"(anonymous_2)","decl":{"start":{"line":13,"column":26},"end":{"line":13,"column":27}},"loc":{"start":{"line":13,"column":32},"end":{"line":15,"column":3}},"line":13}},"branchMap":{"0":{"loc":{"start":{"line":27,"column":9},"end":{"line":27,"column":71}},"type":"binary-expr","locations":[{"start":{"line":27,"column":9},"end":{"line":27,"column":31}},{"start":{"line":27,"column":35},"end":{"line":27,"column":71}}],"line":27}},"s":{"0":1,"1":4,"2":8,"3":4,"4":4,"5":4,"6":1,"7":4},"f":{"0":4,"1":8,"2":1},"b":{"0":[4,2]},"_coverageSchema":"1a1c01bbd47fc00a2c39e90264f33305004495a9","hash":"21978ffe33dd59e89e52cca93ba79d1ed4a9ce85"}
,"D:\\React-Work\\src\\components\\Contact.js": {"path":"D:\\React-Work\\src\\components\\Contact.js","statementMap":{"0":{"start":{"line":3,"column":16},"end":{"line":14,"column":1}},"1":{"start":{"line":4,"column":2},"end":{"line":13,"column":4}}},"fnMap":{"0":{"name":"(anonymous_0)","decl":{"start":{"line":3,"column":16},"end":{"line":3,"column":17}},"loc":{"start":{"line":3,"column":22},"end":{"line":14,"column":1}},"line":3}},"branchMap":{},"s":{"0":1,"1":4},"f":{"0":4},"b":{},"_coverageSchema":"1a1c01bbd47fc00a2c39e90264f33305004495a9","hash":"593a9d1d65a59f690e42a497267eac612c8f1e8e"}
,"D:\\React-Work\\src\\components\\Header.js": {"path":"D:\\React-Work\\src\\components\\Header.js","statementMap":{"0":{"start":{"line":9,"column":15},"end":{"line":74,"column":1}},"1":{"start":{"line":10,"column":32},"end":{"line":10,"column":49}},"2":{"start":{"line":12,"column":23},"end":{"line":12,"column":40}},"3":{"start":{"line":14,"column":27},"end":{"line":14,"column":50}},"4":{"start":{"line":18,"column":20},"end":{"line":18,"column":60}},"5":{"start":{"line":18,"column":43},"end":{"line":18,"column":59}},"6":{"start":{"line":21,"column":2},"end":{"line":73,"column":4}},"7":{"start":{"line":60,"column":16},"end":{"line":62,"column":40}},"8":{"start":{"line":63,"column":16},"end":{"line":63,"column":37}}},"fnMap":{"0":{"name":"(anonymous_0)","decl":{"start":{"line":9,"column":15},"end":{"line":9,"column":16}},"loc":{"start":{"line":9,"column":21},"end":{"line":74,"column":1}},"line":9},"1":{"name":"(anonymous_1)","decl":{"start":{"line":18,"column":32},"end":{"line":18,"column":33}},"loc":{"start":{"line":18,"column":43},"end":{"line":18,"column":59}},"line":18},"2":{"name":"(anonymous_2)","decl":{"start":{"line":59,"column":23},"end":{"line":59,"column":24}},"loc":{"start":{"line":59,"column":29},"end":{"line":64,"column":15}},"line":59}},"branchMap":{"0":{"loc":{"start":{"line":30,"column":47},"end":{"line":30,"column":71}},"type":"cond-expr","locations":[{"start":{"line":30,"column":62},"end":{"line":30,"column":65}},{"start":{"line":30,"column":68},"end":{"line":30,"column":71}}],"line":30},"1":{"loc":{"start":{"line":60,"column":16},"end":{"line":62,"column":39}},"type":"cond-expr","locations":[{"start":{"line":61,"column":20},"end":{"line":61,"column":41}},{"start":{"line":62,"column":20},"end":{"line":62,"column":39}}],"line":60}},"s":{"0":2,"1":9,"2":9,"3":9,"4":9,"5":17,"6":9,"7":1,"8":1},"f":{"0":9,"1":17,"2":1},"b":{"0":[9,0],"1":[1,0]},"_coverageSchema":"1a1c01bbd47fc00a2c39e90264f33305004495a9","hash":"bbeb80457dbb4546dbb5c8fbcfd28f2713958111"}
,"D:\\React-Work\\src\\components\\MenuCategory.js": {"path":"D:\\React-Work\\src\\components\\MenuCategory.js","statementMap":{"0":{"start":{"line":4,"column":21},"end":{"line":30,"column":1}},"1":{"start":{"line":7,"column":21},"end":{"line":9,"column":3}},"2":{"start":{"line":8,"column":4},"end":{"line":8,"column":19}},"3":{"start":{"line":11,"column":2},"end":{"line":29,"column":4}}},"fnMap":{"0":{"name":"(anonymous_0)","decl":{"start":{"line":4,"column":21},"end":{"line":4,"column":22}},"loc":{"start":{"line":4,"column":60},"end":{"line":30,"column":1}},"line":4},"1":{"name":"(anonymous_1)","decl":{"start":{"line":7,"column":21},"end":{"line":7,"column":22}},"loc":{"start":{"line":7,"column":27},"end":{"line":9,"column":3}},"line":7}},"branchMap":{"0":{"loc":{"start":{"line":25,"column":9},"end":{"line":25,"column":62}},"type":"binary-expr","locations":[{"start":{"line":25,"column":9},"end":{"line":25,"column":18}},{"start":{"line":25,"column":22},"end":{"line":25,"column":62}}],"line":25}},"s":{"0":1,"1":62,"2":1,"3":62},"f":{"0":62,"1":1},"b":{"0":[62,1]},"_coverageSchema":"1a1c01bbd47fc00a2c39e90264f33305004495a9","hash":"c54e0e5a0b1a6c4ace679b04e2f7ac7879cd7797"}
,"D:\\React-Work\\src\\components\\MenuItemsList.js": {"path":"D:\\React-Work\\src\\components\\MenuItemsList.js","statementMap":{"0":{"start":{"line":6,"column":22},"end":{"line":52,"column":1}},"1":{"start":{"line":7,"column":19},"end":{"line":7,"column":32}},"2":{"start":{"line":9,"column":24},"end":{"line":12,"column":3}},"3":{"start":{"line":11,"column":4},"end":{"line":11,"column":28}},"4":{"start":{"line":14,"column":2},"end":{"line":51,"column":4}},"5":{"start":{"line":17,"column":8},"end":{"line":48,"column":14}},"6":{"start":{"line":40,"column":18},"end":{"line":40,"column":37}}},"fnMap":{"0":{"name":"(anonymous_0)","decl":{"start":{"line":6,"column":22},"end":{"line":6,"column":23}},"loc":{"start":{"line":6,"column":37},"end":{"line":52,"column":1}},"line":6},"1":{"name":"(anonymous_1)","decl":{"start":{"line":9,"column":24},"end":{"line":9,"column":25}},"loc":{"start":{"line":9,"column":34},"end":{"line":12,"column":3}},"line":9},"2":{"name":"(anonymous_2)","decl":{"start":{"line":16,"column":17},"end":{"line":16,"column":18}},"loc":{"start":{"line":17,"column":8},"end":{"line":48,"column":14}},"line":17},"3":{"name":"(anonymous_3)","decl":{"start":{"line":39,"column":25},"end":{"line":39,"column":26}},"loc":{"start":{"line":40,"column":18},"end":{"line":40,"column":37}},"line":40}},"branchMap":{"0":{"loc":{"start":{"line":28,"column":15},"end":{"line":30,"column":54}},"type":"cond-expr","locations":[{"start":{"line":29,"column":18},"end":{"line":29,"column":47}},{"start":{"line":30,"column":18},"end":{"line":30,"column":54}}],"line":28}},"s":{"0":1,"1":5,"2":5,"3":2,"4":5,"5":18,"6":2},"f":{"0":5,"1":2,"2":18,"3":2},"b":{"0":[18,0]},"_coverageSchema":"1a1c01bbd47fc00a2c39e90264f33305004495a9","hash":"9a1d140441f5c750a2b894f8d83e79aef03547dc"}
,"D:\\React-Work\\src\\components\\RestaurantCard.js": {"path":"D:\\React-Work\\src\\components\\RestaurantCard.js","statementMap":{"0":{"start":{"line":6,"column":23},"end":{"line":27,"column":1}},"1":{"start":{"line":7,"column":22},"end":{"line":7,"column":27}},"2":{"start":{"line":8,"column":27},"end":{"line":8,"column":50}},"3":{"start":{"line":11,"column":4},"end":{"line":11,"column":17}},"4":{"start":{"line":12,"column":27},"end":{"line":12,"column":45}},"5":{"start":{"line":13,"column":2},"end":{"line":26,"column":4}},"6":{"start":{"line":33,"column":33},"end":{"line":44,"column":1}},"7":{"start":{"line":34,"column":2},"end":{"line":43,"column":4}},"8":{"start":{"line":35,"column":4},"end":{"line":42,"column":6}}},"fnMap":{"0":{"name":"(anonymous_0)","decl":{"start":{"line":6,"column":23},"end":{"line":6,"column":24}},"loc":{"start":{"line":6,"column":34},"end":{"line":27,"column":1}},"line":6},"1":{"name":"(anonymous_1)","decl":{"start":{"line":33,"column":33},"end":{"line":33,"column":34}},"loc":{"start":{"line":33,"column":53},"end":{"line":44,"column":1}},"line":33},"2":{"name":"(anonymous_2)","decl":{"start":{"line":34,"column":9},"end":{"line":34,"column":10}},"loc":{"start":{"line":34,"column":20},"end":{"line":43,"column":3}},"line":34}},"branchMap":{},"s":{"0":2,"1":79,"2":79,"3":79,"4":79,"5":79,"6":2,"7":7,"8":78},"f":{"0":79,"1":7,"2":78},"b":{},"_coverageSchema":"1a1c01bbd47fc00a2c39e90264f33305004495a9","hash":"b390de9326e7cbe289b03d4c1624aad508c2b070"}
,"D:\\React-Work\\src\\components\\RestaurantMenu.js": {"path":"D:\\React-Work\\src\\components\\RestaurantMenu.js","statementMap":{"0":{"start":{"line":8,"column":23},"end":{"line":50,"column":1}},"1":{"start":{"line":9,"column":20},"end":{"line":9,"column":31}},"2":{"start":{"line":11,"column":18},"end":{"line":11,"column":42}},"3":{"start":{"line":13,"column":36},"end":{"line":13,"column":50}},"4":{"start":{"line":15,"column":2},"end":{"line":15,"column":43}},"5":{"start":{"line":15,"column":24},"end":{"line":15,"column":43}},"6":{"start":{"line":18,"column":4},"end":{"line":18,"column":39}},"7":{"start":{"line":21,"column":4},"end":{"line":21,"column":79}},"8":{"start":{"line":26,"column":4},"end":{"line":30,"column":5}},"9":{"start":{"line":28,"column":8},"end":{"line":29,"column":70}},"10":{"start":{"line":33,"column":2},"end":{"line":49,"column":4}},"11":{"start":{"line":41,"column":8},"end":{"line":46,"column":10}},"12":{"start":{"line":45,"column":30},"end":{"line":45,"column":49}}},"fnMap":{"0":{"name":"(anonymous_0)","decl":{"start":{"line":8,"column":23},"end":{"line":8,"column":24}},"loc":{"start":{"line":8,"column":29},"end":{"line":50,"column":1}},"line":8},"1":{"name":"(anonymous_1)","decl":{"start":{"line":27,"column":6},"end":{"line":27,"column":7}},"loc":{"start":{"line":28,"column":8},"end":{"line":29,"column":70}},"line":28},"2":{"name":"(anonymous_2)","decl":{"start":{"line":40,"column":22},"end":{"line":40,"column":23}},"loc":{"start":{"line":41,"column":8},"end":{"line":46,"column":10}},"line":41},"3":{"name":"(anonymous_3)","decl":{"start":{"line":45,"column":24},"end":{"line":45,"column":25}},"loc":{"start":{"line":45,"column":30},"end":{"line":45,"column":49}},"line":45}},"branchMap":{"0":{"loc":{"start":{"line":15,"column":2},"end":{"line":15,"column":43}},"type":"if","locations":[{"start":{"line":15,"column":2},"end":{"line":15,"column":43}},{"start":{},"end":{}}],"line":15},"1":{"loc":{"start":{"line":44,"column":21},"end":{"line":44,"column":54}},"type":"cond-expr","locations":[{"start":{"line":44,"column":42},"end":{"line":44,"column":46}},{"start":{"line":44,"column":49},"end":{"line":44,"column":54}}],"line":44}},"s":{"0":1,"1":3,"2":3,"3":3,"4":3,"5":1,"6":2,"7":2,"8":2,"9":68,"10":2,"11":62,"12":1},"f":{"0":3,"1":68,"2":62,"3":1},"b":{"0":[1,2],"1":[1,61]},"_coverageSchema":"1a1c01bbd47fc00a2c39e90264f33305004495a9","hash":"ef563a1b00bad2348d20e09081b9e2b7b0d66a79"}
,"D:\\React-Work\\src\\components\\Shimmer.js": {"path":"D:\\React-Work\\src\\components\\Shimmer.js","statementMap":{"0":{"start":{"line":3,"column":16},"end":{"line":16,"column":1}},"1":{"start":{"line":4,"column":4},"end":{"line":15,"column":10}}},"fnMap":{"0":{"name":"(anonymous_0)","decl":{"start":{"line":3,"column":16},"end":{"line":3,"column":17}},"loc":{"start":{"line":3,"column":22},"end":{"line":16,"column":1}},"line":3}},"branchMap":{},"s":{"0":2,"1":3},"f":{"0":3},"b":{},"_coverageSchema":"1a1c01bbd47fc00a2c39e90264f33305004495a9","hash":"c7bb4f7e5730779cd537f439d77fbca1e226177e"}
,"D:\\React-Work\\src\\components\\diff.js": {"path":"D:\\React-Work\\src\\components\\diff.js","statementMap":{"0":{"start":{"line":1,"column":20},"end":{"line":3,"column":1}},"1":{"start":{"line":2,"column":4},"end":{"line":2,"column":17}}},"fnMap":{"0":{"name":"(anonymous_0)","decl":{"start":{"line":1,"column":20},"end":{"line":1,"column":21}},"loc":{"start":{"line":1,"column":30},"end":{"line":3,"column":1}},"line":1}},"branchMap":{},"s":{"0":1,"1":1},"f":{"0":1},"b":{},"_coverageSchema":"1a1c01bbd47fc00a2c39e90264f33305004495a9","hash":"890d5e4e5f211644b4e34756665efcfc3504c905"}
,"D:\\React-Work\\src\\components\\sum.js": {"path":"D:\\React-Work\\src\\components\\sum.js","statementMap":{"0":{"start":{"line":1,"column":19},"end":{"line":3,"column":1}},"1":{"start":{"line":2,"column":4},"end":{"line":2,"column":17}}},"fnMap":{"0":{"name":"(anonymous_0)","decl":{"start":{"line":1,"column":19},"end":{"line":1,"column":20}},"loc":{"start":{"line":1,"column":29},"end":{"line":3,"column":1}},"line":1}},"branchMap":{},"s":{"0":1,"1":1},"f":{"0":1},"b":{},"_coverageSchema":"1a1c01bbd47fc00a2c39e90264f33305004495a9","hash":"56e02a34816eb6d1fa1b6eaeecd1ff4457a3007a"}
,"D:\\React-Work\\src\\utils\\UserContext.js": {"path":"D:\\React-Work\\src\\utils\\UserContext.js","statementMap":{"0":{"start":{"line":3,"column":20},"end":{"line":5,"column":2}}},"fnMap":{},"branchMap":{},"s":{"0":4},"f":{},"b":{},"_coverageSchema":"1a1c01bbd47fc00a2c39e90264f33305004495a9","hash":"0c2d43b8f7aaf0c4ed8fdf350812d8cf90818f9e"}
,"D:\\React-Work\\src\\utils\\appStore.js": {"path":"D:\\React-Work\\src\\utils\\appStore.js","statementMap":{"0":{"start":{"line":4,"column":17},"end":{"line":8,"column":2}}},"fnMap":{},"branchMap":{},"s":{"0":2},"f":{},"b":{},"_coverageSchema":"1a1c01bbd47fc00a2c39e90264f33305004495a9","hash":"4e2fced68b10adbb6e8e11d49d36c4fde34f81a7"}
,"D:\\React-Work\\src\\utils\\cartSlice.js": {"path":"D:\\React-Work\\src\\utils\\cartSlice.js","statementMap":{"0":{"start":{"line":3,"column":18},"end":{"line":20,"column":2}},"1":{"start":{"line":11,"column":12},"end":{"line":11,"column":45}},"2":{"start":{"line":14,"column":12},"end":{"line":14,"column":30}},"3":{"start":{"line":17,"column":12},"end":{"line":17,"column":35}},"4":{"start":{"line":22,"column":48},"end":{"line":22,"column":65}}},"fnMap":{"0":{"name":"(anonymous_0)","decl":{"start":{"line":9,"column":17},"end":{"line":9,"column":18}},"loc":{"start":{"line":9,"column":36},"end":{"line":12,"column":9}},"line":9},"1":{"name":"(anonymous_1)","decl":{"start":{"line":13,"column":20},"end":{"line":13,"column":21}},"loc":{"start":{"line":13,"column":31},"end":{"line":15,"column":9}},"line":13},"2":{"name":"(anonymous_2)","decl":{"start":{"line":16,"column":19},"end":{"line":16,"column":20}},"loc":{"start":{"line":16,"column":30},"end":{"line":18,"column":9}},"line":16}},"branchMap":{},"s":{"0":2,"1":2,"2":0,"3":1,"4":2},"f":{"0":2,"1":0,"2":1},"b":{},"_coverageSchema":"1a1c01bbd47fc00a2c39e90264f33305004495a9","hash":"a0b214a3bc54d08cb20ec5c38d874976a42190f1"}
,"D:\\React-Work\\src\\utils\\constants.js": {"path":"D:\\React-Work\\src\\utils\\constants.js","statementMap":{"0":{"start":{"line":1,"column":23},"end":{"line":1,"column":106}},"1":{"start":{"line":3,"column":24},"end":{"line":3,"column":96}},"2":{"start":{"line":5,"column":24},"end":{"line":5,"column":154}},"3":{"start":{"line":7,"column":29},"end":{"line":7,"column":124}}},"fnMap":{},"branchMap":{},"s":{"0":4,"1":4,"2":4,"3":4},"f":{},"b":{},"_coverageSchema":"1a1c01bbd47fc00a2c39e90264f33305004495a9","hash":"f4784862e17ff52f8d732a27c836580381ab08db"}
,"D:\\React-Work\\src\\utils\\useOnlineStatus.js": {"path":"D:\\React-Work\\src\\utils\\useOnlineStatus.js","statementMap":{"0":{"start":{"line":3,"column":24},"end":{"line":24,"column":1}},"1":{"start":{"line":5,"column":44},"end":{"line":5,"column":58}},"2":{"start":{"line":9,"column":4},"end":{"line":19,"column":11}},"3":{"start":{"line":11,"column":8},"end":{"line":13,"column":10}},"4":{"start":{"line":12,"column":12},"end":{"line":12,"column":35}},"5":{"start":{"line":15,"column":8},"end":{"line":17,"column":10}},"6":{"start":{"line":16,"column":12},"end":{"line":16,"column":34}},"7":{"start":{"line":22,"column":4},"end":{"line":22,"column":24}}},"fnMap":{"0":{"name":"(anonymous_0)","decl":{"start":{"line":3,"column":24},"end":{"line":3,"column":25}},"loc":{"start":{"line":3,"column":28},"end":{"line":24,"column":1}},"line":3},"1":{"name":"(anonymous_1)","decl":{"start":{"line":9,"column":14},"end":{"line":9,"column":15}},"loc":{"start":{"line":9,"column":19},"end":{"line":19,"column":5}},"line":9},"2":{"name":"(anonymous_2)","decl":{"start":{"line":11,"column":43},"end":{"line":11,"column":44}},"loc":{"start":{"line":11,"column":47},"end":{"line":13,"column":9}},"line":11},"3":{"name":"(anonymous_3)","decl":{"start":{"line":15,"column":42},"end":{"line":15,"column":43}},"loc":{"start":{"line":15,"column":46},"end":{"line":17,"column":9}},"line":15}},"branchMap":{},"s":{"0":3,"1":16,"2":16,"3":7,"4":0,"5":7,"6":0,"7":16},"f":{"0":16,"1":7,"2":0,"3":0},"b":{},"_coverageSchema":"1a1c01bbd47fc00a2c39e90264f33305004495a9","hash":"ff7bb703ff3cd9031cf446225218d7bcd3b9732a"}
,"D:\\React-Work\\src\\utils\\useRestaurantMenu.js": {"path":"D:\\React-Work\\src\\utils\\useRestaurantMenu.js","statementMap":{"0":{"start":{"line":4,"column":26},"end":{"line":18,"column":1}},"1":{"start":{"line":5,"column":32},"end":{"line":5,"column":46}},"2":{"start":{"line":7,"column":2},"end":{"line":9,"column":9}},"3":{"start":{"line":8,"column":4},"end":{"line":8,"column":16}},"4":{"start":{"line":11,"column":20},"end":{"line":15,"column":3}},"5":{"start":{"line":12,"column":17},"end":{"line":12,"column":46}},"6":{"start":{"line":13,"column":17},"end":{"line":13,"column":34}},"7":{"start":{"line":14,"column":4},"end":{"line":14,"column":26}},"8":{"start":{"line":17,"column":2},"end":{"line":17,"column":17}}},"fnMap":{"0":{"name":"(anonymous_0)","decl":{"start":{"line":4,"column":26},"end":{"line":4,"column":27}},"loc":{"start":{"line":4,"column":37},"end":{"line":18,"column":1}},"line":4},"1":{"name":"(anonymous_1)","decl":{"start":{"line":7,"column":12},"end":{"line":7,"column":13}},"loc":{"start":{"line":7,"column":18},"end":{"line":9,"column":3}},"line":7},"2":{"name":"(anonymous_2)","decl":{"start":{"line":11,"column":20},"end":{"line":11,"column":21}},"loc":{"start":{"line":11,"column":32},"end":{"line":15,"column":3}},"line":11}},"branchMap":{},"s":{"0":1,"1":3,"2":3,"3":1,"4":3,"5":1,"6":1,"7":1,"8":3},"f":{"0":3,"1":1,"2":1},"b":{},"_coverageSchema":"1a1c01bbd47fc00a2c39e90264f33305004495a9","hash":"f9d25d4640b4524deeea9c87fd31887b19026e36"}
}
