TN:
SF:src\components\Body.js
FN:9,(anonymous_0)
FN:20,(anonymous_1)
FN:24,(anonymous_2)
FN:66,(anonymous_3)
FN:72,(anonymous_4)
FN:78,(anonymous_5)
FN:92,(anonymous_6)
FN:94,(anonymous_7)
FN:109,(anonymous_8)
FN:114,(anonymous_9)
FNF:10
FNH:9
FNDA:7,(anonymous_0)
FNDA:2,(anonymous_1)
FNDA:2,(anonymous_2)
FNDA:1,(anonymous_3)
FNDA:1,(anonymous_4)
FNDA:20,(anonymous_5)
FNDA:1,(anonymous_6)
FNDA:20,(anonymous_7)
FNDA:0,(anonymous_8)
FNDA:78,(anonymous_9)
DA:9,1
DA:10,7
DA:11,7
DA:13,7
DA:15,7
DA:20,7
DA:21,2
DA:24,7
DA:25,2
DA:29,2
DA:32,2
DA:35,2
DA:40,7
DA:42,7
DA:43,0
DA:53,7
DA:55,7
DA:67,1
DA:77,1
DA:79,20
DA:82,1
DA:93,1
DA:94,20
DA:96,1
DA:109,0
DA:115,78
LF:26
LH:24
BRDA:42,0,0,0
BRDA:42,0,1,7
BRDA:55,1,0,2
BRDA:55,1,1,5
BRDA:120,2,0,78
BRDA:120,2,1,0
BRF:6
BRH:4
end_of_record
TN:
SF:src\components\Contact.js
FN:3,(anonymous_0)
FNF:1
FNH:1
FNDA:4,(anonymous_0)
DA:3,1
DA:4,4
LF:2
LH:2
BRF:0
BRH:0
end_of_record
TN:
SF:src\components\Header.js
FN:9,(anonymous_0)
FN:18,(anonymous_1)
FN:59,(anonymous_2)
FNF:3
FNH:3
FNDA:5,(anonymous_0)
FNDA:9,(anonymous_1)
FNDA:1,(anonymous_2)
DA:9,1
DA:10,5
DA:12,5
DA:14,5
DA:18,9
DA:21,5
DA:60,1
DA:63,1
LF:8
LH:8
BRDA:30,0,0,5
BRDA:30,0,1,0
BRDA:60,1,0,1
BRDA:60,1,1,0
BRF:4
BRH:2
end_of_record
TN:
SF:src\components\RestaurantCard.js
FN:6,(anonymous_0)
FN:33,(anonymous_1)
FN:34,(anonymous_2)
FNF:3
FNH:3
FNDA:79,(anonymous_0)
FNDA:7,(anonymous_1)
FNDA:78,(anonymous_2)
DA:6,2
DA:7,79
DA:8,79
DA:11,79
DA:12,79
DA:13,79
DA:33,2
DA:34,7
DA:35,78
LF:9
LH:9
BRF:0
BRH:0
end_of_record
TN:
SF:src\components\Shimmer.js
FN:3,(anonymous_0)
FNF:1
FNH:1
FNDA:2,(anonymous_0)
DA:3,1
DA:4,2
LF:2
LH:2
BRF:0
BRH:0
end_of_record
TN:
SF:src\components\diff.js
FN:1,(anonymous_0)
FNF:1
FNH:1
FNDA:1,(anonymous_0)
DA:1,1
DA:2,1
LF:2
LH:2
BRF:0
BRH:0
end_of_record
TN:
SF:src\components\sum.js
FN:1,(anonymous_0)
FNF:1
FNH:1
FNDA:1,(anonymous_0)
DA:1,1
DA:2,1
LF:2
LH:2
BRF:0
BRH:0
end_of_record
TN:
SF:src\utils\UserContext.js
FNF:0
FNH:0
DA:3,3
LF:1
LH:1
BRF:0
BRH:0
end_of_record
TN:
SF:src\utils\appStore.js
FNF:0
FNH:0
DA:4,1
LF:1
LH:1
BRF:0
BRH:0
end_of_record
TN:
SF:src\utils\cartSlice.js
FN:9,(anonymous_0)
FN:13,(anonymous_1)
FN:16,(anonymous_2)
FNF:3
FNH:0
FNDA:0,(anonymous_0)
FNDA:0,(anonymous_1)
FNDA:0,(anonymous_2)
DA:3,1
DA:11,0
DA:14,0
DA:17,0
DA:22,1
LF:5
LH:2
BRF:0
BRH:0
end_of_record
TN:
SF:src\utils\constants.js
FNF:0
FNH:0
DA:1,3
DA:3,3
DA:5,3
DA:7,3
LF:4
LH:4
BRF:0
BRH:0
end_of_record
TN:
SF:src\utils\useOnlineStatus.js
FN:3,(anonymous_0)
FN:9,(anonymous_1)
FN:11,(anonymous_2)
FN:15,(anonymous_3)
FNF:4
FNH:2
FNDA:12,(anonymous_0)
FNDA:6,(anonymous_1)
FNDA:0,(anonymous_2)
FNDA:0,(anonymous_3)
DA:3,2
DA:5,12
DA:9,12
DA:11,6
DA:12,0
DA:15,6
DA:16,0
DA:22,12
LF:8
LH:6
BRF:0
BRH:0
end_of_record
